Using pre-set license

 COMMAND LINE ARGUMENTS:
/Applications/Unity/Hub/Editor/2020.3.0f1/Unity.app/Contents/MacOS/Unity
-adb2
-batchMode
-noUpm
-name
AssetImportWorker0
-projectPath
/Users/Cubby/iCloud Drive (Archive) - 1/Documents/Living in Code/Jams/LD48
-logFile
Logs/AssetImportWorker0.log
-srvPort
53036
Successfully changed project path to: /Users/Cubby/iCloud Drive (Archive) - 1/Documents/Living in Code/Jams/LD48
/Users/Cubby/iCloud Drive (Archive) - 1/Documents/Living in Code/Jams/LD48
Using Asset Import Pipeline V2.
Refreshing native plugins compatible for Editor in 70.41 ms, found 2 plugins.
Preloading 0 native plugins for Editor in 0.00 ms.
Initialize engine version: 2020.3.0f1 (c7b5465681fb)
[Subsystems] Discovering subsystems at path /Applications/Unity/Hub/Editor/2020.3.0f1/Unity.app/Contents/Resources/UnitySubsystems
[Subsystems] Discovering subsystems at path /Users/Cubby/iCloud Drive (Archive) - 1/Documents/Living in Code/Jams/LD48/Assets
GfxDevice: creating device client; threaded=0
2021-04-24 13:23:25.805 Unity[4058:319955] Color LCD preferred device: Intel(R) Iris(TM) Graphics 6000 (low power)
2021-04-24 13:23:25.806 Unity[4058:319955] Metal devices available: 1
2021-04-24 13:23:25.806 Unity[4058:319955] 0: Intel(R) Iris(TM) Graphics 6000 (low power)
2021-04-24 13:23:25.806 Unity[4058:319955] Using device Intel(R) Iris(TM) Graphics 6000 (low power)
Initializing Metal device caps: Intel(R) Iris(TM) Graphics 6000
Initialize mono
Mono path[0] = '/Applications/Unity/Hub/Editor/2020.3.0f1/Unity.app/Contents/Managed'
Mono path[1] = '/Applications/Unity/Hub/Editor/2020.3.0f1/Unity.app/Contents/MonoBleedingEdge/lib/mono/unityjit'
Mono config path = '/Applications/Unity/Hub/Editor/2020.3.0f1/Unity.app/Contents/MonoBleedingEdge/etc'
Using monoOptions --debugger-agent=transport=dt_socket,embedding=1,server=y,suspend=n,address=127.0.0.1:56058
Begin MonoManager ReloadAssembly
Registering precompiled unity dll's ...
Register platform support module: /Applications/Unity/Hub/Editor/2020.3.0f1/PlaybackEngines/WebGLSupport/UnityEditor.WebGL.Extensions.dll
Register platform support module: /Applications/Unity/Hub/Editor/2020.3.0f1/Unity.app/Contents/PlaybackEngines/MacStandaloneSupport/UnityEditor.OSXStandalone.Extensions.dll
Register platform support module: /Applications/Unity/Hub/Editor/2020.3.0f1/PlaybackEngines/WindowsStandaloneSupport/UnityEditor.WindowsStandalone.Extensions.dll
Registered in 0.009971 seconds.
Native extension for WindowsStandalone target not found
Native extension for OSXStandalone target not found
Native extension for WebGL target not found
Refreshing native plugins compatible for Editor in 73.06 ms, found 2 plugins.
Preloading 0 native plugins for Editor in 0.00 ms.
Invoked RoslynAnalysisRunner static constructor.
RoslynAnalysisRunner will not be running.
RoslynAnalysisRunner has terminated.
Mono: successfully reloaded assembly
- Completed reload, in 21.074 seconds
Platform modules already initialized, skipping
Registering precompiled user dll's ...
Registered in 0.010688 seconds.
